<?xml version="1.0" encoding="UTF-8" ?>
<testsuite failures="0" time="0.009" errors="0" skipped="0" tests="1" name="com.example.amq.AppTest">
  <properties>
    <property name="java.runtime.name" value="Java(TM) SE Runtime Environment"/>
    <property name="sun.boot.library.path" value="C:\Program Files\Java\jdk1.6.0_24\jre\bin"/>
    <property name="java.vm.version" value="19.1-b02"/>
    <property name="java.vm.vendor" value="Sun Microsystems Inc."/>
    <property name="java.vendor.url" value="http://java.sun.com/"/>
    <property name="path.separator" value=";"/>
    <property name="java.vm.name" value="Java HotSpot(TM) Client VM"/>
    <property name="file.encoding.pkg" value="sun.io"/>
    <property name="user.country" value="US"/>
    <property name="sun.java.launcher" value="SUN_STANDARD"/>
    <property name="sun.os.patch.level" value="Service Pack 1"/>
    <property name="java.vm.specification.name" value="Java Virtual Machine Specification"/>
    <property name="user.dir" value="C:\Users\entrib\workspace\AMQSample"/>
    <property name="java.runtime.version" value="1.6.0_24-b07"/>
    <property name="java.awt.graphicsenv" value="sun.awt.Win32GraphicsEnvironment"/>
    <property name="basedir" value="C:\Users\entrib\workspace\AMQSample"/>
    <property name="java.endorsed.dirs" value="C:\Program Files\Java\jdk1.6.0_24\jre\lib\endorsed"/>
    <property name="os.arch" value="x86"/>
    <property name="surefire.real.class.path" value="C:\Users\entrib\workspace\AMQSample\target\surefire\surefirebooter4782644242535379215.jar"/>
    <property name="java.io.tmpdir" value="C:\Users\entrib\AppData\Local\Temp\"/>
    <property name="line.separator" value="
"/>
    <property name="java.vm.specification.vendor" value="Sun Microsystems Inc."/>
    <property name="user.variant" value=""/>
    <property name="os.name" value="Windows 7"/>
    <property name="sun.jnu.encoding" value="Cp1252"/>
    <property name="java.library.path" value="C:\Program Files\Java\jdk1.6.0_24\jre\bin;.;C:\Windows\Sun\Java\bin;C:\Windows\system32;C:\Windows;C:/Program Files/Java/jdk1.6.0_24/bin/../jre/bin/client;C:/Program Files/Java/jdk1.6.0_24/bin/../jre/bin;C:/Program Files/Java/jdk1.6.0_24/bin/../jre/lib/i386;C:\Oraclexe11g\app\oracle\product\11.2.0\server\bin;;C:\Program Files\Java\jdk1.6.0_24\bin;C:\Perl\site\bin;C:\Perl\bin;C:\Windows\system32;C:\Windows;C:\Windows\System32\Wbem;C:\Windows\System32\WindowsPowerShell\v1.0\;C:\Program Files\Common Files\Roxio Shared\DLLShared\;C:\Program Files\Common Files\Roxio Shared\10.0\DLLShared\;C:\java\apache-ant-1.8.1\bin;C:\app\Entrib\product\11.2.0\dbhome_1\bin;C:\Program Files\apache-ant-1.8.1\bin;C:\Program Files\CSL Arm Toolchain\bin;C:\Program Files\Apache Software Foundation\apache-maven-3.0.3\bin;C:\Program Files\Apache Software Foundation\apache-tomcat-6.0.32\bin;C:\gwt-2.2.0;C:\Program Files\Apache Software Foundation\apache-ant-1.8.2\bin;C:\Program Files\Apache Software Foundation\apache-maven-3.0.3\bin;C:\Program Files\QuickTime\QTSystem\;C:\Program Files\CVSNT\"/>
    <property name="surefire.test.class.path" value="C:\Users\entrib\workspace\AMQSample\target\test-classes;C:\Users\entrib\workspace\AMQSample\target\classes;C:\Users\entrib\.m2\repository\junit\junit\3.8.1\junit-3.8.1.jar;C:\Users\entrib\.m2\repository\org\springframework\spring-core\3.0.5.RELEASE\spring-core-3.0.5.RELEASE.jar;C:\Users\entrib\.m2\repository\org\springframework\spring-asm\3.0.5.RELEASE\spring-asm-3.0.5.RELEASE.jar;C:\Users\entrib\.m2\repository\commons-logging\commons-logging\1.1.1\commons-logging-1.1.1.jar;C:\Users\entrib\.m2\repository\org\springframework\spring-expression\3.0.5.RELEASE\spring-expression-3.0.5.RELEASE.jar;C:\Users\entrib\.m2\repository\org\springframework\spring-beans\3.0.5.RELEASE\spring-beans-3.0.5.RELEASE.jar;C:\Users\entrib\.m2\repository\org\springframework\spring-aop\3.0.5.RELEASE\spring-aop-3.0.5.RELEASE.jar;C:\Users\entrib\.m2\repository\aopalliance\aopalliance\1.0\aopalliance-1.0.jar;C:\Users\entrib\.m2\repository\org\springframework\spring-context\3.0.5.RELEASE\spring-context-3.0.5.RELEASE.jar;C:\Users\entrib\.m2\repository\org\springframework\spring-context-support\3.0.5.RELEASE\spring-context-support-3.0.5.RELEASE.jar;C:\Users\entrib\.m2\repository\org\springframework\spring-tx\3.0.5.RELEASE\spring-tx-3.0.5.RELEASE.jar;C:\Users\entrib\.m2\repository\org\springframework\spring-jdbc\3.0.5.RELEASE\spring-jdbc-3.0.5.RELEASE.jar;C:\Users\entrib\.m2\repository\org\springframework\spring-jms\3.0.5.RELEASE\spring-jms-3.0.5.RELEASE.jar;C:\Users\entrib\.m2\repository\org\springframework\spring-orm\3.0.5.RELEASE\spring-orm-3.0.5.RELEASE.jar;C:\Users\entrib\.m2\repository\org\springframework\spring-oxm\3.0.5.RELEASE\spring-oxm-3.0.5.RELEASE.jar;C:\Users\entrib\.m2\repository\org\springframework\spring-web\3.0.5.RELEASE\spring-web-3.0.5.RELEASE.jar;C:\Users\entrib\.m2\repository\org\springframework\spring-webmvc\3.0.5.RELEASE\spring-webmvc-3.0.5.RELEASE.jar;C:\Users\entrib\.m2\repository\org\springframework\spring-test\3.0.5.RELEASE\spring-test-3.0.5.RELEASE.jar;C:\Users\entrib\.m2\repository\org\apache\activemq\activemq-core\5.2.0\activemq-core-5.2.0.jar;C:\Users\entrib\.m2\repository\commons-logging\commons-logging-api\1.1\commons-logging-api-1.1.jar;C:\Users\entrib\.m2\repository\org\apache\camel\camel-core\1.5.0\camel-core-1.5.0.jar;C:\Users\entrib\.m2\repository\org\apache\geronimo\specs\geronimo-jms_1.1_spec\1.1.1\geronimo-jms_1.1_spec-1.1.1.jar;C:\Users\entrib\.m2\repository\org\apache\activemq\activeio-core\3.1.0\activeio-core-3.1.0.jar;C:\Users\entrib\.m2\repository\backport-util-concurrent\backport-util-concurrent\2.1\backport-util-concurrent-2.1.jar;C:\Users\entrib\.m2\repository\org\apache\geronimo\specs\geronimo-j2ee-management_1.0_spec\1.0\geronimo-j2ee-management_1.0_spec-1.0.jar;C:\Users\entrib\.m2\repository\log4j\log4j\1.2.16\log4j-1.2.16.jar;"/>
    <property name="java.specification.name" value="Java Platform API Specification"/>
    <property name="java.class.version" value="50.0"/>
    <property name="sun.management.compiler" value="HotSpot Client Compiler"/>
    <property name="os.version" value="6.1"/>
    <property name="user.home" value="C:\Users\entrib"/>
    <property name="user.timezone" value=""/>
    <property name="java.awt.printerjob" value="sun.awt.windows.WPrinterJob"/>
    <property name="java.specification.version" value="1.6"/>
    <property name="file.encoding" value="Cp1252"/>
    <property name="user.name" value="entrib"/>
    <property name="java.class.path" value="C:\Users\entrib\workspace\AMQSample\target\test-classes;C:\Users\entrib\workspace\AMQSample\target\classes;C:\Users\entrib\.m2\repository\junit\junit\3.8.1\junit-3.8.1.jar;C:\Users\entrib\.m2\repository\org\springframework\spring-core\3.0.5.RELEASE\spring-core-3.0.5.RELEASE.jar;C:\Users\entrib\.m2\repository\org\springframework\spring-asm\3.0.5.RELEASE\spring-asm-3.0.5.RELEASE.jar;C:\Users\entrib\.m2\repository\commons-logging\commons-logging\1.1.1\commons-logging-1.1.1.jar;C:\Users\entrib\.m2\repository\org\springframework\spring-expression\3.0.5.RELEASE\spring-expression-3.0.5.RELEASE.jar;C:\Users\entrib\.m2\repository\org\springframework\spring-beans\3.0.5.RELEASE\spring-beans-3.0.5.RELEASE.jar;C:\Users\entrib\.m2\repository\org\springframework\spring-aop\3.0.5.RELEASE\spring-aop-3.0.5.RELEASE.jar;C:\Users\entrib\.m2\repository\aopalliance\aopalliance\1.0\aopalliance-1.0.jar;C:\Users\entrib\.m2\repository\org\springframework\spring-context\3.0.5.RELEASE\spring-context-3.0.5.RELEASE.jar;C:\Users\entrib\.m2\repository\org\springframework\spring-context-support\3.0.5.RELEASE\spring-context-support-3.0.5.RELEASE.jar;C:\Users\entrib\.m2\repository\org\springframework\spring-tx\3.0.5.RELEASE\spring-tx-3.0.5.RELEASE.jar;C:\Users\entrib\.m2\repository\org\springframework\spring-jdbc\3.0.5.RELEASE\spring-jdbc-3.0.5.RELEASE.jar;C:\Users\entrib\.m2\repository\org\springframework\spring-jms\3.0.5.RELEASE\spring-jms-3.0.5.RELEASE.jar;C:\Users\entrib\.m2\repository\org\springframework\spring-orm\3.0.5.RELEASE\spring-orm-3.0.5.RELEASE.jar;C:\Users\entrib\.m2\repository\org\springframework\spring-oxm\3.0.5.RELEASE\spring-oxm-3.0.5.RELEASE.jar;C:\Users\entrib\.m2\repository\org\springframework\spring-web\3.0.5.RELEASE\spring-web-3.0.5.RELEASE.jar;C:\Users\entrib\.m2\repository\org\springframework\spring-webmvc\3.0.5.RELEASE\spring-webmvc-3.0.5.RELEASE.jar;C:\Users\entrib\.m2\repository\org\springframework\spring-test\3.0.5.RELEASE\spring-test-3.0.5.RELEASE.jar;C:\Users\entrib\.m2\repository\org\apache\activemq\activemq-core\5.2.0\activemq-core-5.2.0.jar;C:\Users\entrib\.m2\repository\commons-logging\commons-logging-api\1.1\commons-logging-api-1.1.jar;C:\Users\entrib\.m2\repository\org\apache\camel\camel-core\1.5.0\camel-core-1.5.0.jar;C:\Users\entrib\.m2\repository\org\apache\geronimo\specs\geronimo-jms_1.1_spec\1.1.1\geronimo-jms_1.1_spec-1.1.1.jar;C:\Users\entrib\.m2\repository\org\apache\activemq\activeio-core\3.1.0\activeio-core-3.1.0.jar;C:\Users\entrib\.m2\repository\backport-util-concurrent\backport-util-concurrent\2.1\backport-util-concurrent-2.1.jar;C:\Users\entrib\.m2\repository\org\apache\geronimo\specs\geronimo-j2ee-management_1.0_spec\1.0\geronimo-j2ee-management_1.0_spec-1.0.jar;C:\Users\entrib\.m2\repository\log4j\log4j\1.2.16\log4j-1.2.16.jar;"/>
    <property name="java.vm.specification.version" value="1.0"/>
    <property name="sun.arch.data.model" value="32"/>
    <property name="java.home" value="C:\Program Files\Java\jdk1.6.0_24\jre"/>
    <property name="java.specification.vendor" value="Sun Microsystems Inc."/>
    <property name="user.language" value="en"/>
    <property name="awt.toolkit" value="sun.awt.windows.WToolkit"/>
    <property name="java.vm.info" value="mixed mode, sharing"/>
    <property name="java.version" value="1.6.0_24"/>
    <property name="java.ext.dirs" value="C:\Program Files\Java\jdk1.6.0_24\jre\lib\ext;C:\Windows\Sun\Java\lib\ext"/>
    <property name="sun.boot.class.path" value="C:\Program Files\Java\jdk1.6.0_24\jre\lib\resources.jar;C:\Program Files\Java\jdk1.6.0_24\jre\lib\rt.jar;C:\Program Files\Java\jdk1.6.0_24\jre\lib\sunrsasign.jar;C:\Program Files\Java\jdk1.6.0_24\jre\lib\jsse.jar;C:\Program Files\Java\jdk1.6.0_24\jre\lib\jce.jar;C:\Program Files\Java\jdk1.6.0_24\jre\lib\charsets.jar;C:\Program Files\Java\jdk1.6.0_24\jre\lib\modules\jdk.boot.jar;C:\Program Files\Java\jdk1.6.0_24\jre\classes"/>
    <property name="java.vendor" value="Sun Microsystems Inc."/>
    <property name="localRepository" value="C:\Users\entrib\.m2\repository"/>
    <property name="file.separator" value="\"/>
    <property name="java.vendor.url.bug" value="http://java.sun.com/cgi-bin/bugreport.cgi"/>
    <property name="sun.cpu.endian" value="little"/>
    <property name="sun.io.unicode.encoding" value="UnicodeLittle"/>
    <property name="sun.desktop" value="windows"/>
    <property name="sun.cpu.isalist" value="pentium_pro+mmx pentium_pro pentium+mmx pentium i486 i386 i86"/>
  </properties>
  <testcase time="0.001" classname="com.example.amq.AppTest" name="testApp"/>
</testsuite>